[debug] [2019-03-07T05:56:30.664Z] ----------------------------------------------------------------------
[debug] [2019-03-07T05:56:30.673Z] Command:       C:\Program Files\nodejs\node.exe C:\Users\orisa\AppData\Roaming\npm\node_modules\firebase-tools\lib\bin\firebase.js serve
[debug] [2019-03-07T05:56:30.674Z] CLI Version:   6.4.0
[debug] [2019-03-07T05:56:30.674Z] Platform:      win32
[debug] [2019-03-07T05:56:30.674Z] Node Version:  v6.9.1
[debug] [2019-03-07T05:56:30.675Z] Time:          Thu Mar 07 2019 14:56:30 GMT+0900 (東京 (標準時))
[debug] [2019-03-07T05:56:30.676Z] ----------------------------------------------------------------------
[debug] 
[debug] [2019-03-07T05:56:30.703Z] > command requires scopes: ["email","openid","https://www.googleapis.com/auth/cloudplatformprojects.readonly","https://www.googleapis.com/auth/firebase","https://www.googleapis.com/auth/cloud-platform"]
[debug] [2019-03-07T05:56:30.703Z] > authorizing via signed-in user
[debug] [2019-03-07T05:56:30.703Z] [iam] checking project fireba-a8775 for permissions ["firebase.projects.get"]
[debug] [2019-03-07T05:56:30.713Z] > refreshing access token with scopes: ["email","https://www.googleapis.com/auth/cloud-platform","https://www.googleapis.com/auth/cloudplatformprojects.readonly","https://www.googleapis.com/auth/firebase","openid"]
[debug] [2019-03-07T05:56:30.713Z] >>> HTTP REQUEST POST https://www.googleapis.com/oauth2/v3/token  
 <request body omitted>
[debug] [2019-03-07T05:56:30.967Z] <<< HTTP RESPONSE 200
[debug] [2019-03-07T05:56:31.017Z] >>> HTTP REQUEST POST https://cloudresourcemanager.googleapis.com/v1/projects/fireba-a8775:testIamPermissions  

[debug] [2019-03-07T05:56:31.871Z] <<< HTTP RESPONSE 200
[debug] [2019-03-07T05:56:31.873Z] >>> HTTP REQUEST GET https://cloudresourcemanager.googleapis.com/v1/projects/fireba-a8775  
 
[debug] [2019-03-07T05:56:32.612Z] <<< HTTP RESPONSE 200
[info] 
[info] === Serving from 'C:\Users\orisa\Documents\Firebase\firebase02'...
[info] 
[info] i  functions: Preparing to emulate functions.
[debug] [2019-03-07T05:56:35.219Z] Fetching environment
[debug] [2019-03-07T05:56:35.228Z] >>> HTTP REQUEST GET https://mobilesdk-pa.googleapis.com/v1/projects/86072280692:getServerAppConfig  
 
[debug] [2019-03-07T05:56:35.229Z] >>> HTTP REQUEST GET https://mobilesdk-pa.googleapis.com/v1/projects/86072280692/clients/_:getWebAppConfig  
 
[debug] [2019-03-07T05:56:35.970Z] <<< HTTP RESPONSE 200
[info] i  hosting: Serving hosting files from: public
[info] +  hosting: Local server: http://localhost:5000
[debug] [2019-03-07T05:56:36.346Z] <<< HTTP RESPONSE 200
[debug] [2019-03-07T05:56:36.347Z] Starting @google-cloud/functions-emulator
[warn] !  functions: Error from emulator. Error: Emulator crashed! Check the log file...
[debug] [2019-03-07T05:56:36.779Z] Error: Emulator crashed! Check the log file...
    at ChildProcess.child.on (C:\Users\orisa\AppData\Roaming\npm\node_modules\firebase-tools\node_modules\@google-cloud\functions-emulator\src\cli\controller.js:650:24)
    at emitTwo (events.js:106:13)
    at ChildProcess.emit (events.js:191:7)
    at Process.ChildProcess._handle.onexit (internal/child_process.js:215:12)
